[2019-12-12 11:23:46] local.ERROR: SQLSTATE[HY000] [2006] MySQL server has gone away {"exception":"[object] (PDOException(code: 2006): SQLSTATE[HY000] [2006] MySQL server has gone away at /Users/emmanuelgabion/Documents/code/freeCodeGram/vendor/laravel/framework/src/Illuminate/Database/Connectors/Connector.php:70)
[stacktrace]
#0 /Users/emmanuelgabion/Documents/code/freeCodeGram/vendor/laravel/framework/src/Illuminate/Database/Connectors/Connector.php(70): PDO->__construct('mysql:host=127....', 'root', '', Array)
#1 /Users/emmanuelgabion/Documents/code/freeCodeGram/vendor/laravel/framework/src/Illuminate/Database/Connectors/Connector.php(100): Illuminate\\Database\\Connectors\\Connector->createPdoConnection('mysql:host=127....', 'root', '', Array)
#2 /Users/emmanuelgabion/Documents/code/freeCodeGram/vendor/laravel/framework/src/Illuminate/Database/Connectors/Connector.php(50): Illuminate\\Database\\Connectors\\Connector->tryAgainIfCausedByLostConnection(Object(PDOException), 'mysql:host=127....', 'root', '', Array)
#3 /Users/emmanuelgabion/Documents/code/freeCodeGram/vendor/laravel/framework/src/Illuminate/Database/Connectors/MySqlConnector.php(24): Illuminate\\Database\\Connectors\\Connector->createConnection('mysql:host=127....', Array, Array)
#4 /Users/emmanuelgabion/Documents/code/freeCodeGram/vendor/laravel/framework/src/Illuminate/Database/Connectors/ConnectionFactory.php(182): Illuminate\\Database\\Connectors\\MySqlConnector->connect(Array)
#5 [internal function]: Illuminate\\Database\\Connectors\\ConnectionFactory->Illuminate\\Database\\Connectors\\{closure}()
#6 /Users/emmanuelgabion/Documents/code/freeCodeGram/vendor/laravel/framework/src/Illuminate/Database/Connection.php(924): call_user_func(Object(Closure))
#7 /Users/emmanuelgabion/Documents/code/freeCodeGram/vendor/laravel/framework/src/Illuminate/Database/DatabaseManager.php(259): Illuminate\\Database\\Connection->getPdo()
#8 /Users/emmanuelgabion/Documents/code/freeCodeGram/vendor/laravel/framework/src/Illuminate/Database/DatabaseManager.php(245): Illuminate\\Database\\DatabaseManager->refreshPdoConnections('mysql')
#9 /Users/emmanuelgabion/Documents/code/freeCodeGram/vendor/laravel/framework/src/Illuminate/Database/DatabaseManager.php(65): Illuminate\\Database\\DatabaseManager->reconnect('mysql')
#10 [internal function]: Illuminate\\Database\\DatabaseManager->Illuminate\\Database\\{closure}(Object(Illuminate\\Database\\MySqlConnection))
#11 /Users/emmanuelgabion/Documents/code/freeCodeGram/vendor/laravel/framework/src/Illuminate/Database/Connection.php(761): call_user_func(Object(Closure), Object(Illuminate\\Database\\MySqlConnection))
#12 /Users/emmanuelgabion/Documents/code/freeCodeGram/vendor/laravel/framework/src/Illuminate/Database/Connection.php(741): Illuminate\\Database\\Connection->reconnect()
#13 /Users/emmanuelgabion/Documents/code/freeCodeGram/vendor/laravel/framework/src/Illuminate/Database/Connection.php(723): Illuminate\\Database\\Connection->tryAgainIfCausedByLostConnection(Object(Illuminate\\Database\\QueryException), 'select count(*)...', Array, Object(Closure))
#14 /Users/emmanuelgabion/Documents/code/freeCodeGram/vendor/laravel/framework/src/Illuminate/Database/Connection.php(632): Illuminate\\Database\\Connection->handleQueryException(Object(Illuminate\\Database\\QueryException), 'select count(*)...', Array, Object(Closure))
#15 /Users/emmanuelgabion/Documents/code/freeCodeGram/vendor/laravel/framework/src/Illuminate/Database/Connection.php(338): Illuminate\\Database\\Connection->run('select count(*)...', Array, Object(Closure))
#16 /Users/emmanuelgabion/Documents/code/freeCodeGram/vendor/laravel/framework/src/Illuminate/Database/Query/Builder.php(2130): Illuminate\\Database\\Connection->select('select count(*)...', Array, false)
#17 /Users/emmanuelgabion/Documents/code/freeCodeGram/vendor/laravel/framework/src/Illuminate/Database/Query/Builder.php(2118): Illuminate\\Database\\Query\\Builder->runSelect()
#18 /Users/emmanuelgabion/Documents/code/freeCodeGram/vendor/laravel/framework/src/Illuminate/Database/Query/Builder.php(2584): Illuminate\\Database\\Query\\Builder->Illuminate\\Database\\Query\\{closure}()
#19 /Users/emmanuelgabion/Documents/code/freeCodeGram/vendor/laravel/framework/src/Illuminate/Database/Query/Builder.php(2119): Illuminate\\Database\\Query\\Builder->onceWithColumns(Array, Object(Closure))
#20 /Users/emmanuelgabion/Documents/code/freeCodeGram/vendor/laravel/framework/src/Illuminate/Database/Query/Builder.php(2511): Illuminate\\Database\\Query\\Builder->get(Array)
#21 /Users/emmanuelgabion/Documents/code/freeCodeGram/vendor/laravel/framework/src/Illuminate/Database/Query/Builder.php(2439): Illuminate\\Database\\Query\\Builder->aggregate('count', Array)
#22 /Users/emmanuelgabion/Documents/code/freeCodeGram/vendor/laravel/framework/src/Illuminate/Validation/DatabasePresenceVerifier.php(55): Illuminate\\Database\\Query\\Builder->count()
#23 /Users/emmanuelgabion/Documents/code/freeCodeGram/vendor/laravel/framework/src/Illuminate/Validation/Concerns/ValidatesAttributes.php(756): Illuminate\\Validation\\DatabasePresenceVerifier->getCount('users', 'email', 'test@test.com', NULL, NULL, Array)
#24 /Users/emmanuelgabion/Documents/code/freeCodeGram/vendor/laravel/framework/src/Illuminate/Validation/Validator.php(398): Illuminate\\Validation\\Validator->validateUnique('email', 'test@test.com', Array, Object(Illuminate\\Validation\\Validator))
#25 /Users/emmanuelgabion/Documents/code/freeCodeGram/vendor/laravel/framework/src/Illuminate/Validation/Validator.php(277): Illuminate\\Validation\\Validator->validateAttribute('email', 'Unique')
#26 /Users/emmanuelgabion/Documents/code/freeCodeGram/vendor/laravel/framework/src/Illuminate/Validation/Validator.php(302): Illuminate\\Validation\\Validator->passes()
#27 /Users/emmanuelgabion/Documents/code/freeCodeGram/vendor/laravel/framework/src/Illuminate/Validation/Validator.php(314): Illuminate\\Validation\\Validator->fails()
#28 /Users/emmanuelgabion/Documents/code/freeCodeGram/vendor/laravel/framework/src/Illuminate/Foundation/Auth/RegistersUsers.php(31): Illuminate\\Validation\\Validator->validate()
#29 [internal function]: App\\Http\\Controllers\\Auth\\RegisterController->register(Object(Illuminate\\Http\\Request))
#30 /Users/emmanuelgabion/Documents/code/freeCodeGram/vendor/laravel/framework/src/Illuminate/Routing/Controller.php(54): call_user_func_array(Array, Array)
#31 /Users/emmanuelgabion/Documents/code/freeCodeGram/vendor/laravel/framework/src/Illuminate/Routing/ControllerDispatcher.php(45): Illuminate\\Routing\\Controller->callAction('register', Array)
#32 /Users/emmanuelgabion/Documents/code/freeCodeGram/vendor/laravel/framework/src/Illuminate/Routing/Route.php(219): Illuminate\\Routing\\ControllerDispatcher->dispatch(Object(Illuminate\\Routing\\Route), Object(App\\Http\\Controllers\\Auth\\RegisterController), 'register')
#33 /Users/emmanuelgabion/Documents/code/freeCodeGram/vendor/laravel/framework/src/Illuminate/Routing/Route.php(176): Illuminate\\Routing\\Route->runController()
#34 /Users/emmanuelgabion/Documents/code/freeCodeGram/vendor/laravel/framework/src/Illuminate/Routing/Router.php(681): Illuminate\\Routing\\Route->run()
#35 /Users/emmanuelgabion/Documents/code/freeCodeGram/vendor/laravel/framework/src/Illuminate/Pipeline/Pipeline.php(130): Illuminate\\Routing\\Router->Illuminate\\Routing\\{closure}(Object(Illuminate\\Http\\Request))
#36 /Users/emmanuelgabion/Documents/code/freeCodeGram/app/Http/Middleware/RedirectIfAuthenticated.php(25): Illuminate\\Pipeline\\Pipeline->Illuminate\\Pipeline\\{closure}(Object(Illuminate\\Http\\Request))
#37 /Users/emmanuelgabion/Documents/code/freeCodeGram/vendor/laravel/framework/src/Illuminate/Pipeline/Pipeline.php(171): App\\Http\\Middleware\\RedirectIfAuthenticated->handle(Object(Illuminate\\Http\\Request), Object(Closure))
#38 /Users/emmanuelgabion/Documents/code/freeCodeGram/vendor/laravel/framework/src/Illuminate/Routing/Middleware/SubstituteBindings.php(41): Illuminate\\Pipeline\\Pipeline->Illuminate\\Pipeline\\{closure}(Object(Illuminate\\Http\\Request))
#39 /Users/emmanuelgabion/Documents/code/freeCodeGram/vendor/laravel/framework/src/Illuminate/Pipeline/Pipeline.php(171): Illuminate\\Routing\\Middleware\\SubstituteBindings->handle(Object(Illuminate\\Http\\Request), Object(Closure))
#40 /Users/emmanuelgabion/Documents/code/freeCodeGram/vendor/laravel/framework/src/Illuminate/Foundation/Http/Middleware/VerifyCsrfToken.php(76): Illuminate\\Pipeline\\Pipeline->Illuminate\\Pipeline\\{closure}(Object(Illuminate\\Http\\Request))
#41 /Users/emmanuelgabion/Documents/code/freeCodeGram/vendor/laravel/framework/src/Illuminate/Pipeline/Pipeline.php(171): Illuminate\\Foundation\\Http\\Middleware\\VerifyCsrfToken->handle(Object(Illuminate\\Http\\Request), Object(Closure))
#42 /Users/emmanuelgabion/Documents/code/freeCodeGram/vendor/laravel/framework/src/Illuminate/View/Middleware/ShareErrorsFromSession.php(49): Illuminate\\Pipeline\\Pipeline->Illuminate\\Pipeline\\{closure}(Object(Illuminate\\Http\\Request))
#43 /Users/emmanuelgabion/Documents/code/freeCodeGram/vendor/laravel/framework/src/Illuminate/Pipeline/Pipeline.php(171): Illuminate\\View\\Middleware\\ShareErrorsFromSession->handle(Object(Illuminate\\Http\\Request), Object(Closure))
#44 /Users/emmanuelgabion/Documents/code/freeCodeGram/vendor/laravel/framework/src/Illuminate/Session/Middleware/StartSession.php(56): Illuminate\\Pipeline\\Pipeline->Illuminate\\Pipeline\\{closure}(Object(Illuminate\\Http\\Request))
#45 /Users/emmanuelgabion/Documents/code/freeCodeGram/vendor/laravel/framework/src/Illuminate/Pipeline/Pipeline.php(171): Illuminate\\Session\\Middleware\\StartSession->handle(Object(Illuminate\\Http\\Request), Object(Closure))
#46 /Users/emmanuelgabion/Documents/code/freeCodeGram/vendor/laravel/framework/src/Illuminate/Cookie/Middleware/AddQueuedCookiesToResponse.php(37): Illuminate\\Pipeline\\Pipeline->Illuminate\\Pipeline\\{closure}(Object(Illuminate\\Http\\Request))
#47 /Users/emmanuelgabion/Documents/code/freeCodeGram/vendor/laravel/framework/src/Illuminate/Pipeline/Pipeline.php(171): Illuminate\\Cookie\\Middleware\\AddQueuedCookiesToResponse->handle(Object(Illuminate\\Http\\Request), Object(Closure))
#48 /Users/emmanuelgabion/Documents/code/freeCodeGram/vendor/laravel/framework/src/Illuminate/Cookie/Middleware/EncryptCookies.php(66): Illuminate\\Pipeline\\Pipeline->Illuminate\\Pipeline\\{closure}(Object(Illuminate\\Http\\Request))
#49 /Users/emmanuelgabion/Documents/code/freeCodeGram/vendor/laravel/framework/src/Illuminate/Pipeline/Pipeline.php(171): Illuminate\\Cookie\\Middleware\\EncryptCookies->handle(Object(Illuminate\\Http\\Request), Object(Closure))
#50 /Users/emmanuelgabion/Documents/code/freeCodeGram/vendor/laravel/framework/src/Illuminate/Pipeline/Pipeline.php(105): Illuminate\\Pipeline\\Pipeline->Illuminate\\Pipeline\\{closure}(Object(Illuminate\\Http\\Request))
#51 /Users/emmanuelgabion/Documents/code/freeCodeGram/vendor/laravel/framework/src/Illuminate/Routing/Router.php(683): Illuminate\\Pipeline\\Pipeline->then(Object(Closure))
#52 /Users/emmanuelgabion/Documents/code/freeCodeGram/vendor/laravel/framework/src/Illuminate/Routing/Router.php(658): Illuminate\\Routing\\Router->runRouteWithinStack(Object(Illuminate\\Routing\\Route), Object(Illuminate\\Http\\Request))
#53 /Users/emmanuelgabion/Documents/code/freeCodeGram/vendor/laravel/framework/src/Illuminate/Routing/Router.php(624): Illuminate\\Routing\\Router->runRoute(Object(Illuminate\\Http\\Request), Object(Illuminate\\Routing\\Route))
#54 /Users/emmanuelgabion/Documents/code/freeCodeGram/vendor/laravel/framework/src/Illuminate/Routing/Router.php(613): Illuminate\\Routing\\Router->dispatchToRoute(Object(Illuminate\\Http\\Request))
#55 /Users/emmanuelgabion/Documents/code/freeCodeGram/vendor/laravel/framework/src/Illuminate/Foundation/Http/Kernel.php(177): Illuminate\\Routing\\Router->dispatch(Object(Illuminate\\Http\\Request))
#56 /Users/emmanuelgabion/Documents/code/freeCodeGram/vendor/laravel/framework/src/Illuminate/Pipeline/Pipeline.php(130): Illuminate\\Foundation\\Http\\Kernel->Illuminate\\Foundation\\Http\\{closure}(Object(Illuminate\\Http\\Request))
#57 /Users/emmanuelgabion/Documents/code/freeCodeGram/vendor/laravel/framework/src/Illuminate/Foundation/Http/Middleware/TransformsRequest.php(21): Illuminate\\Pipeline\\Pipeline->Illuminate\\Pipeline\\{closure}(Object(Illuminate\\Http\\Request))
#58 /Users/emmanuelgabion/Documents/code/freeCodeGram/vendor/laravel/framework/src/Illuminate/Pipeline/Pipeline.php(171): Illuminate\\Foundation\\Http\\Middleware\\TransformsRequest->handle(Object(Illuminate\\Http\\Request), Object(Closure))
#59 /Users/emmanuelgabion/Documents/code/freeCodeGram/vendor/laravel/framework/src/Illuminate/Foundation/Http/Middleware/TransformsRequest.php(21): Illuminate\\Pipeline\\Pipeline->Illuminate\\Pipeline\\{closure}(Object(Illuminate\\Http\\Request))
#60 /Users/emmanuelgabion/Documents/code/freeCodeGram/vendor/laravel/framework/src/Illuminate/Pipeline/Pipeline.php(171): Illuminate\\Foundation\\Http\\Middleware\\TransformsRequest->handle(Object(Illuminate\\Http\\Request), Object(Closure))
#61 /Users/emmanuelgabion/Documents/code/freeCodeGram/vendor/laravel/framework/src/Illuminate/Foundation/Http/Middleware/ValidatePostSize.php(27): Illuminate\\Pipeline\\Pipeline->Illuminate\\Pipeline\\{closure}(Object(Illuminate\\Http\\Request))
#62 /Users/emmanuelgabion/Documents/code/freeCodeGram/vendor/laravel/framework/src/Illuminate/Pipeline/Pipeline.php(171): Illuminate\\Foundation\\Http\\Middleware\\ValidatePostSize->handle(Object(Illuminate\\Http\\Request), Object(Closure))
#63 /Users/emmanuelgabion/Documents/code/freeCodeGram/vendor/laravel/framework/src/Illuminate/Foundation/Http/Middleware/CheckForMaintenanceMode.php(62): Illuminate\\Pipeline\\Pipeline->Illuminate\\Pipeline\\{closure}(Object(Illuminate\\Http\\Request))
#64 /Users/emmanuelgabion/Documents/code/freeCodeGram/vendor/laravel/framework/src/Illuminate/Pipeline/Pipeline.php(171): Illuminate\\Foundation\\Http\\Middleware\\CheckForMaintenanceMode->handle(Object(Illuminate\\Http\\Request), Object(Closure))
#65 /Users/emmanuelgabion/Documents/code/freeCodeGram/vendor/fideloper/proxy/src/TrustProxies.php(57): Illuminate\\Pipeline\\Pipeline->Illuminate\\Pipeline\\{closure}(Object(Illuminate\\Http\\Request))
#66 /Users/emmanuelgabion/Documents/code/freeCodeGram/vendor/laravel/framework/src/Illuminate/Pipeline/Pipeline.php(171): Fideloper\\Proxy\\TrustProxies->handle(Object(Illuminate\\Http\\Request), Object(Closure))
#67 /Users/emmanuelgabion/Documents/code/freeCodeGram/vendor/laravel/framework/src/Illuminate/Pipeline/Pipeline.php(105): Illuminate\\Pipeline\\Pipeline->Illuminate\\Pipeline\\{closure}(Object(Illuminate\\Http\\Request))
#68 /Users/emmanuelgabion/Documents/code/freeCodeGram/vendor/laravel/framework/src/Illuminate/Foundation/Http/Kernel.php(152): Illuminate\\Pipeline\\Pipeline->then(Object(Closure))
#69 /Users/emmanuelgabion/Documents/code/freeCodeGram/vendor/laravel/framework/src/Illuminate/Foundation/Http/Kernel.php(117): Illuminate\\Foundation\\Http\\Kernel->sendRequestThroughRouter(Object(Illuminate\\Http\\Request))
#70 /Users/emmanuelgabion/Documents/code/freeCodeGram/public/index.php(55): Illuminate\\Foundation\\Http\\Kernel->handle(Object(Illuminate\\Http\\Request))
#71 /Users/emmanuelgabion/Documents/code/freeCodeGram/server.php(21): require_once('/Users/emmanuel...')
#72 {main}

[previous exception] [object] (PDOException(code: 0): PDO::__construct(): Unexpected server response while doing caching_sha2 auth: 21 at /Users/emmanuelgabion/Documents/code/freeCodeGram/vendor/laravel/framework/src/Illuminate/Database/Connectors/Connector.php:70)
[stacktrace]
#0 /Users/emmanuelgabion/Documents/code/freeCodeGram/vendor/laravel/framework/src/Illuminate/Database/Connectors/Connector.php(70): PDO->__construct('mysql:host=127....', 'root', '', Array)
#1 /Users/emmanuelgabion/Documents/code/freeCodeGram/vendor/laravel/framework/src/Illuminate/Database/Connectors/Connector.php(100): Illuminate\\Database\\Connectors\\Connector->createPdoConnection('mysql:host=127....', 'root', '', Array)
#2 /Users/emmanuelgabion/Documents/code/freeCodeGram/vendor/laravel/framework/src/Illuminate/Database/Connectors/Connector.php(50): Illuminate\\Database\\Connectors\\Connector->tryAgainIfCausedByLostConnection(Object(PDOException), 'mysql:host=127....', 'root', '', Array)
#3 /Users/emmanuelgabion/Documents/code/freeCodeGram/vendor/laravel/framework/src/Illuminate/Database/Connectors/MySqlConnector.php(24): Illuminate\\Database\\Connectors\\Connector->createConnection('mysql:host=127....', Array, Array)
#4 /Users/emmanuelgabion/Documents/code/freeCodeGram/vendor/laravel/framework/src/Illuminate/Database/Connectors/ConnectionFactory.php(182): Illuminate\\Database\\Connectors\\MySqlConnector->connect(Array)
#5 [internal function]: Illuminate\\Database\\Connectors\\ConnectionFactory->Illuminate\\Database\\Connectors\\{closure}()
#6 /Users/emmanuelgabion/Documents/code/freeCodeGram/vendor/laravel/framework/src/Illuminate/Database/Connection.php(924): call_user_func(Object(Closure))
#7 /Users/emmanuelgabion/Documents/code/freeCodeGram/vendor/laravel/framework/src/Illuminate/Database/DatabaseManager.php(259): Illuminate\\Database\\Connection->getPdo()
#8 /Users/emmanuelgabion/Documents/code/freeCodeGram/vendor/laravel/framework/src/Illuminate/Database/DatabaseManager.php(245): Illuminate\\Database\\DatabaseManager->refreshPdoConnections('mysql')
#9 /Users/emmanuelgabion/Documents/code/freeCodeGram/vendor/laravel/framework/src/Illuminate/Database/DatabaseManager.php(65): Illuminate\\Database\\DatabaseManager->reconnect('mysql')
#10 [internal function]: Illuminate\\Database\\DatabaseManager->Illuminate\\Database\\{closure}(Object(Illuminate\\Database\\MySqlConnection))
#11 /Users/emmanuelgabion/Documents/code/freeCodeGram/vendor/laravel/framework/src/Illuminate/Database/Connection.php(761): call_user_func(Object(Closure), Object(Illuminate\\Database\\MySqlConnection))
#12 /Users/emmanuelgabion/Documents/code/freeCodeGram/vendor/laravel/framework/src/Illuminate/Database/Connection.php(741): Illuminate\\Database\\Connection->reconnect()
#13 /Users/emmanuelgabion/Documents/code/freeCodeGram/vendor/laravel/framework/src/Illuminate/Database/Connection.php(723): Illuminate\\Database\\Connection->tryAgainIfCausedByLostConnection(Object(Illuminate\\Database\\QueryException), 'select count(*)...', Array, Object(Closure))
#14 /Users/emmanuelgabion/Documents/code/freeCodeGram/vendor/laravel/framework/src/Illuminate/Database/Connection.php(632): Illuminate\\Database\\Connection->handleQueryException(Object(Illuminate\\Database\\QueryException), 'select count(*)...', Array, Object(Closure))
#15 /Users/emmanuelgabion/Documents/code/freeCodeGram/vendor/laravel/framework/src/Illuminate/Database/Connection.php(338): Illuminate\\Database\\Connection->run('select count(*)...', Array, Object(Closure))
#16 /Users/emmanuelgabion/Documents/code/freeCodeGram/vendor/laravel/framework/src/Illuminate/Database/Query/Builder.php(2130): Illuminate\\Database\\Connection->select('select count(*)...', Array, false)
#17 /Users/emmanuelgabion/Documents/code/freeCodeGram/vendor/laravel/framework/src/Illuminate/Database/Query/Builder.php(2118): Illuminate\\Database\\Query\\Builder->runSelect()
#18 /Users/emmanuelgabion/Documents/code/freeCodeGram/vendor/laravel/framework/src/Illuminate/Database/Query/Builder.php(2584): Illuminate\\Database\\Query\\Builder->Illuminate\\Database\\Query\\{closure}()
#19 /Users/emmanuelgabion/Documents/code/freeCodeGram/vendor/laravel/framework/src/Illuminate/Database/Query/Builder.php(2119): Illuminate\\Database\\Query\\Builder->onceWithColumns(Array, Object(Closure))
#20 /Users/emmanuelgabion/Documents/code/freeCodeGram/vendor/laravel/framework/src/Illuminate/Database/Query/Builder.php(2511): Illuminate\\Database\\Query\\Builder->get(Array)
#21 /Users/emmanuelgabion/Documents/code/freeCodeGram/vendor/laravel/framework/src/Illuminate/Database/Query/Builder.php(2439): Illuminate\\Database\\Query\\Builder->aggregate('count', Array)
#22 /Users/emmanuelgabion/Documents/code/freeCodeGram/vendor/laravel/framework/src/Illuminate/Validation/DatabasePresenceVerifier.php(55): Illuminate\\Database\\Query\\Builder->count()
#23 /Users/emmanuelgabion/Documents/code/freeCodeGram/vendor/laravel/framework/src/Illuminate/Validation/Concerns/ValidatesAttributes.php(756): Illuminate\\Validation\\DatabasePresenceVerifier->getCount('users', 'email', 'test@test.com', NULL, NULL, Array)
#24 /Users/emmanuelgabion/Documents/code/freeCodeGram/vendor/laravel/framework/src/Illuminate/Validation/Validator.php(398): Illuminate\\Validation\\Validator->validateUnique('email', 'test@test.com', Array, Object(Illuminate\\Validation\\Validator))
#25 /Users/emmanuelgabion/Documents/code/freeCodeGram/vendor/laravel/framework/src/Illuminate/Validation/Validator.php(277): Illuminate\\Validation\\Validator->validateAttribute('email', 'Unique')
#26 /Users/emmanuelgabion/Documents/code/freeCodeGram/vendor/laravel/framework/src/Illuminate/Validation/Validator.php(302): Illuminate\\Validation\\Validator->passes()
#27 /Users/emmanuelgabion/Documents/code/freeCodeGram/vendor/laravel/framework/src/Illuminate/Validation/Validator.php(314): Illuminate\\Validation\\Validator->fails()
#28 /Users/emmanuelgabion/Documents/code/freeCodeGram/vendor/laravel/framework/src/Illuminate/Foundation/Auth/RegistersUsers.php(31): Illuminate\\Validation\\Validator->validate()
#29 [internal function]: App\\Http\\Controllers\\Auth\\RegisterController->register(Object(Illuminate\\Http\\Request))
#30 /Users/emmanuelgabion/Documents/code/freeCodeGram/vendor/laravel/framework/src/Illuminate/Routing/Controller.php(54): call_user_func_array(Array, Array)
#31 /Users/emmanuelgabion/Documents/code/freeCodeGram/vendor/laravel/framework/src/Illuminate/Routing/ControllerDispatcher.php(45): Illuminate\\Routing\\Controller->callAction('register', Array)
#32 /Users/emmanuelgabion/Documents/code/freeCodeGram/vendor/laravel/framework/src/Illuminate/Routing/Route.php(219): Illuminate\\Routing\\ControllerDispatcher->dispatch(Object(Illuminate\\Routing\\Route), Object(App\\Http\\Controllers\\Auth\\RegisterController), 'register')
#33 /Users/emmanuelgabion/Documents/code/freeCodeGram/vendor/laravel/framework/src/Illuminate/Routing/Route.php(176): Illuminate\\Routing\\Route->runController()
#34 /Users/emmanuelgabion/Documents/code/freeCodeGram/vendor/laravel/framework/src/Illuminate/Routing/Router.php(681): Illuminate\\Routing\\Route->run()
#35 /Users/emmanuelgabion/Documents/code/freeCodeGram/vendor/laravel/framework/src/Illuminate/Pipeline/Pipeline.php(130): Illuminate\\Routing\\Router->Illuminate\\Routing\\{closure}(Object(Illuminate\\Http\\Request))
#36 /Users/emmanuelgabion/Documents/code/freeCodeGram/app/Http/Middleware/RedirectIfAuthenticated.php(25): Illuminate\\Pipeline\\Pipeline->Illuminate\\Pipeline\\{closure}(Object(Illuminate\\Http\\Request))
#37 /Users/emmanuelgabion/Documents/code/freeCodeGram/vendor/laravel/framework/src/Illuminate/Pipeline/Pipeline.php(171): App\\Http\\Middleware\\RedirectIfAuthenticated->handle(Object(Illuminate\\Http\\Request), Object(Closure))
#38 /Users/emmanuelgabion/Documents/code/freeCodeGram/vendor/laravel/framework/src/Illuminate/Routing/Middleware/SubstituteBindings.php(41): Illuminate\\Pipeline\\Pipeline->Illuminate\\Pipeline\\{closure}(Object(Illuminate\\Http\\Request))
#39 /Users/emmanuelgabion/Documents/code/freeCodeGram/vendor/laravel/framework/src/Illuminate/Pipeline/Pipeline.php(171): Illuminate\\Routing\\Middleware\\SubstituteBindings->handle(Object(Illuminate\\Http\\Request), Object(Closure))
#40 /Users/emmanuelgabion/Documents/code/freeCodeGram/vendor/laravel/framework/src/Illuminate/Foundation/Http/Middleware/VerifyCsrfToken.php(76): Illuminate\\Pipeline\\Pipeline->Illuminate\\Pipeline\\{closure}(Object(Illuminate\\Http\\Request))
#41 /Users/emmanuelgabion/Documents/code/freeCodeGram/vendor/laravel/framework/src/Illuminate/Pipeline/Pipeline.php(171): Illuminate\\Foundation\\Http\\Middleware\\VerifyCsrfToken->handle(Object(Illuminate\\Http\\Request), Object(Closure))
#42 /Users/emmanuelgabion/Documents/code/freeCodeGram/vendor/laravel/framework/src/Illuminate/View/Middleware/ShareErrorsFromSession.php(49): Illuminate\\Pipeline\\Pipeline->Illuminate\\Pipeline\\{closure}(Object(Illuminate\\Http\\Request))
#43 /Users/emmanuelgabion/Documents/code/freeCodeGram/vendor/laravel/framework/src/Illuminate/Pipeline/Pipeline.php(171): Illuminate\\View\\Middleware\\ShareErrorsFromSession->handle(Object(Illuminate\\Http\\Request), Object(Closure))
#44 /Users/emmanuelgabion/Documents/code/freeCodeGram/vendor/laravel/framework/src/Illuminate/Session/Middleware/StartSession.php(56): Illuminate\\Pipeline\\Pipeline->Illuminate\\Pipeline\\{closure}(Object(Illuminate\\Http\\Request))
#45 /Users/emmanuelgabion/Documents/code/freeCodeGram/vendor/laravel/framework/src/Illuminate/Pipeline/Pipeline.php(171): Illuminate\\Session\\Middleware\\StartSession->handle(Object(Illuminate\\Http\\Request), Object(Closure))
#46 /Users/emmanuelgabion/Documents/code/freeCodeGram/vendor/laravel/framework/src/Illuminate/Cookie/Middleware/AddQueuedCookiesToResponse.php(37): Illuminate\\Pipeline\\Pipeline->Illuminate\\Pipeline\\{closure}(Object(Illuminate\\Http\\Request))
#47 /Users/emmanuelgabion/Documents/code/freeCodeGram/vendor/laravel/framework/src/Illuminate/Pipeline/Pipeline.php(171): Illuminate\\Cookie\\Middleware\\AddQueuedCookiesToResponse->handle(Object(Illuminate\\Http\\Request), Object(Closure))
#48 /Users/emmanuelgabion/Documents/code/freeCodeGram/vendor/laravel/framework/src/Illuminate/Cookie/Middleware/EncryptCookies.php(66): Illuminate\\Pipeline\\Pipeline->Illuminate\\Pipeline\\{closure}(Object(Illuminate\\Http\\Request))
#49 /Users/emmanuelgabion/Documents/code/freeCodeGram/vendor/laravel/framework/src/Illuminate/Pipeline/Pipeline.php(171): Illuminate\\Cookie\\Middleware\\EncryptCookies->handle(Object(Illuminate\\Http\\Request), Object(Closure))
#50 /Users/emmanuelgabion/Documents/code/freeCodeGram/vendor/laravel/framework/src/Illuminate/Pipeline/Pipeline.php(105): Illuminate\\Pipeline\\Pipeline->Illuminate\\Pipeline\\{closure}(Object(Illuminate\\Http\\Request))
#51 /Users/emmanuelgabion/Documents/code/freeCodeGram/vendor/laravel/framework/src/Illuminate/Routing/Router.php(683): Illuminate\\Pipeline\\Pipeline->then(Object(Closure))
#52 /Users/emmanuelgabion/Documents/code/freeCodeGram/vendor/laravel/framework/src/Illuminate/Routing/Router.php(658): Illuminate\\Routing\\Router->runRouteWithinStack(Object(Illuminate\\Routing\\Route), Object(Illuminate\\Http\\Request))
#53 /Users/emmanuelgabion/Documents/code/freeCodeGram/vendor/laravel/framework/src/Illuminate/Routing/Router.php(624): Illuminate\\Routing\\Router->runRoute(Object(Illuminate\\Http\\Request), Object(Illuminate\\Routing\\Route))
#54 /Users/emmanuelgabion/Documents/code/freeCodeGram/vendor/laravel/framework/src/Illuminate/Routing/Router.php(613): Illuminate\\Routing\\Router->dispatchToRoute(Object(Illuminate\\Http\\Request))
#55 /Users/emmanuelgabion/Documents/code/freeCodeGram/vendor/laravel/framework/src/Illuminate/Foundation/Http/Kernel.php(177): Illuminate\\Routing\\Router->dispatch(Object(Illuminate\\Http\\Request))
#56 /Users/emmanuelgabion/Documents/code/freeCodeGram/vendor/laravel/framework/src/Illuminate/Pipeline/Pipeline.php(130): Illuminate\\Foundation\\Http\\Kernel->Illuminate\\Foundation\\Http\\{closure}(Object(Illuminate\\Http\\Request))
#57 /Users/emmanuelgabion/Documents/code/freeCodeGram/vendor/laravel/framework/src/Illuminate/Foundation/Http/Middleware/TransformsRequest.php(21): Illuminate\\Pipeline\\Pipeline->Illuminate\\Pipeline\\{closure}(Object(Illuminate\\Http\\Request))
#58 /Users/emmanuelgabion/Documents/code/freeCodeGram/vendor/laravel/framework/src/Illuminate/Pipeline/Pipeline.php(171): Illuminate\\Foundation\\Http\\Middleware\\TransformsRequest->handle(Object(Illuminate\\Http\\Request), Object(Closure))
#59 /Users/emmanuelgabion/Documents/code/freeCodeGram/vendor/laravel/framework/src/Illuminate/Foundation/Http/Middleware/TransformsRequest.php(21): Illuminate\\Pipeline\\Pipeline->Illuminate\\Pipeline\\{closure}(Object(Illuminate\\Http\\Request))
#60 /Users/emmanuelgabion/Documents/code/freeCodeGram/vendor/laravel/framework/src/Illuminate/Pipeline/Pipeline.php(171): Illuminate\\Foundation\\Http\\Middleware\\TransformsRequest->handle(Object(Illuminate\\Http\\Request), Object(Closure))
#61 /Users/emmanuelgabion/Documents/code/freeCodeGram/vendor/laravel/framework/src/Illuminate/Foundation/Http/Middleware/ValidatePostSize.php(27): Illuminate\\Pipeline\\Pipeline->Illuminate\\Pipeline\\{closure}(Object(Illuminate\\Http\\Request))
#62 /Users/emmanuelgabion/Documents/code/freeCodeGram/vendor/laravel/framework/src/Illuminate/Pipeline/Pipeline.php(171): Illuminate\\Foundation\\Http\\Middleware\\ValidatePostSize->handle(Object(Illuminate\\Http\\Request), Object(Closure))
#63 /Users/emmanuelgabion/Documents/code/freeCodeGram/vendor/laravel/framework/src/Illuminate/Foundation/Http/Middleware/CheckForMaintenanceMode.php(62): Illuminate\\Pipeline\\Pipeline->Illuminate\\Pipeline\\{closure}(Object(Illuminate\\Http\\Request))
#64 /Users/emmanuelgabion/Documents/code/freeCodeGram/vendor/laravel/framework/src/Illuminate/Pipeline/Pipeline.php(171): Illuminate\\Foundation\\Http\\Middleware\\CheckForMaintenanceMode->handle(Object(Illuminate\\Http\\Request), Object(Closure))
#65 /Users/emmanuelgabion/Documents/code/freeCodeGram/vendor/fideloper/proxy/src/TrustProxies.php(57): Illuminate\\Pipeline\\Pipeline->Illuminate\\Pipeline\\{closure}(Object(Illuminate\\Http\\Request))
#66 /Users/emmanuelgabion/Documents/code/freeCodeGram/vendor/laravel/framework/src/Illuminate/Pipeline/Pipeline.php(171): Fideloper\\Proxy\\TrustProxies->handle(Object(Illuminate\\Http\\Request), Object(Closure))
#67 /Users/emmanuelgabion/Documents/code/freeCodeGram/vendor/laravel/framework/src/Illuminate/Pipeline/Pipeline.php(105): Illuminate\\Pipeline\\Pipeline->Illuminate\\Pipeline\\{closure}(Object(Illuminate\\Http\\Request))
#68 /Users/emmanuelgabion/Documents/code/freeCodeGram/vendor/laravel/framework/src/Illuminate/Foundation/Http/Kernel.php(152): Illuminate\\Pipeline\\Pipeline->then(Object(Closure))
#69 /Users/emmanuelgabion/Documents/code/freeCodeGram/vendor/laravel/framework/src/Illuminate/Foundation/Http/Kernel.php(117): Illuminate\\Foundation\\Http\\Kernel->sendRequestThroughRouter(Object(Illuminate\\Http\\Request))
#70 /Users/emmanuelgabion/Documents/code/freeCodeGram/public/index.php(55): Illuminate\\Foundation\\Http\\Kernel->handle(Object(Illuminate\\Http\\Request))
#71 /Users/emmanuelgabion/Documents/code/freeCodeGram/server.php(21): require_once('/Users/emmanuel...')
#72 {main}
"} 
